<?xml version="1.0" encoding="UTF-8"?>
<!-- Generated by org.testng.reporters.JUnitXMLReporter -->
<testsuite hostname="mkrishnan" ignored="0" name="ClientsPageTest" tests="7" failures="1" timestamp="08 Jan 2019 09:42:09 GMT" time="177.931" errors="0">
  <testcase name="validateclientpageExistTest" time="0.136" classname="com.avlview.app.testcases.ClientsPageTest"/>
  <testcase name="validatePartnerLogoExistTest" time="0.674" classname="com.avlview.app.testcases.ClientsPageTest"/>
  <testcase name="validateAddclientExistTest" time="0.135" classname="com.avlview.app.testcases.ClientsPageTest"/>
  <testcase name="validateSearchExistTest" time="0.144" classname="com.avlview.app.testcases.ClientsPageTest"/>
  <testcase name="validateSearchResultTest" time="7.51" classname="com.avlview.app.testcases.ClientsPageTest"/>
  <testcase name="validateTotalTabsTest" time="0.039" classname="com.avlview.app.testcases.ClientsPageTest">
    <skipped/>
  </testcase> <!-- validateTotalTabsTest -->
  <testcase name="validateTotalTabsTest" time="0.039" classname="com.avlview.app.testcases.ClientsPageTest">
    <failure type="java.lang.AssertionError" message="expected [2] but found [3]">
      <![CDATA[java.lang.AssertionError: expected [2] but found [3]
at com.avlview.app.testcases.ClientsPageTest.validateTotalTabsTest(ClientsPageTest.java:71)
... Removed 31 stack frames]]>
    </failure>
  </testcase> <!-- validateTotalTabsTest -->
</testsuite> <!-- ClientsPageTest -->
