<?xml version="1.0" encoding="UTF-8"?>
<!-- Generated by org.testng.reporters.JUnitXMLReporter -->
<testsuite hostname="mkrishnan" ignored="1" name="Test1" tests="7" failures="1" timestamp="30 May 2019 10:23:10 GMT" time="110.521" errors="0">
  <testcase name="@BeforeMethod setup" time="79.754" classname="com.avlview.app.testcases.LoginPageTest2">
    <failure type="org.openqa.selenium.TimeoutException" message="Timeout loading page after 50000ms
Build info: version: &amp;apos;3.141.5&amp;apos;, revision: &amp;apos;d54ebd709a&amp;apos;, time: &amp;apos;2018-11-06T11:42:16&amp;apos;
System info: host: &amp;apos;MKRISHNAN&amp;apos;, ip: &amp;apos;192.168.0.16&amp;apos;, os.name: &amp;apos;Windows 7&amp;apos;, os.arch: &amp;apos;x86&amp;apos;, os.version: &amp;apos;6.1&amp;apos;, java.version: &amp;apos;1.8.0_171&amp;apos;
Driver info: org.openqa.selenium.remote.RemoteWebDriver
Capabilities {acceptInsecureCerts: true, browserName: firefox, browserVersion: 67.0, javascriptEnabled: true, moz:accessibilityChecks: false, moz:buildID: 20190516215225, moz:geckodriverVersion: 0.24.0, moz:headless: false, moz:processID: 8636, moz:profile: C:\Users\mkrishnan\AppData\..., moz:shutdownTimeout: 60000, moz:useNonSpecCompliantPointerOrigin: false, moz:webdriverClick: true, pageLoadStrategy: normal, platform: WINDOWS, platformName: WINDOWS, platformVersion: 6.1, rotatable: false, setWindowRect: true, strictFileInteractability: false, timeouts: {implicit: 0, pageLoad: 300000, script: 30000}, unhandledPromptBehavior: dismiss and notify, webdriver.remote.sessionid: 8eea8161-a0e6-49d4-8799-514...}
Session ID: 8eea8161-a0e6-49d4-8799-5146bd4b738e">
      <![CDATA[org.openqa.selenium.TimeoutException: Timeout loading page after 50000ms
Build info: version: '3.141.5', revision: 'd54ebd709a', time: '2018-11-06T11:42:16'
System info: host: 'MKRISHNAN', ip: '192.168.0.16', os.name: 'Windows 7', os.arch: 'x86', os.version: '6.1', java.version: '1.8.0_171'
Driver info: org.openqa.selenium.remote.RemoteWebDriver
Capabilities {acceptInsecureCerts: true, browserName: firefox, browserVersion: 67.0, javascriptEnabled: true, moz:accessibilityChecks: false, moz:buildID: 20190516215225, moz:geckodriverVersion: 0.24.0, moz:headless: false, moz:processID: 8636, moz:profile: C:\Users\mkrishnan\AppData\..., moz:shutdownTimeout: 60000, moz:useNonSpecCompliantPointerOrigin: false, moz:webdriverClick: true, pageLoadStrategy: normal, platform: WINDOWS, platformName: WINDOWS, platformVersion: 6.1, rotatable: false, setWindowRect: true, strictFileInteractability: false, timeouts: {implicit: 0, pageLoad: 300000, script: 30000}, unhandledPromptBehavior: dismiss and notify, webdriver.remote.sessionid: 8eea8161-a0e6-49d4-8799-514...}
Session ID: 8eea8161-a0e6-49d4-8799-5146bd4b738e
at org.openqa.selenium.remote.http.W3CHttpResponseCodec.createException(W3CHttpResponseCodec.java:187)
at org.openqa.selenium.remote.http.W3CHttpResponseCodec.decode(W3CHttpResponseCodec.java:122)
at org.openqa.selenium.remote.http.W3CHttpResponseCodec.decode(W3CHttpResponseCodec.java:49)
at org.openqa.selenium.remote.HttpCommandExecutor.execute(HttpCommandExecutor.java:158)
at org.openqa.selenium.remote.RemoteWebDriver.execute(RemoteWebDriver.java:552)
at org.openqa.selenium.remote.RemoteWebDriver.get(RemoteWebDriver.java:277)
at com.avlview.app.base.TestBaseGridTesting.Initialization(TestBaseGridTesting.java:123)
at com.avlview.app.testcases.LoginPageTest2.setup(LoginPageTest2.java:44)
at java.util.concurrent.ThreadPoolExecutor.runWorker(Unknown Source)
at java.util.concurrent.ThreadPoolExecutor$Worker.run(Unknown Source)
at java.lang.Thread.run(Unknown Source)
... Removed 17 stack frames]]>
    </failure>
  </testcase> <!-- @BeforeMethod setup -->
  <testcase name="@AfterMethod teardown" time="0.0" classname="com.avlview.app.testcases.LoginPageTest2">
    <skipped/>
  </testcase> <!-- @AfterMethod teardown -->
  <testcase name="@AfterMethod teardown" time="0.0" classname="com.avlview.app.testcases.LoginPageTest2">
    <skipped/>
  </testcase> <!-- @AfterMethod teardown -->
  <testcase name="validateClientLogoExistTest" time="2.542" classname="com.avlview.app.testcases.LoginPageTest2"/>
  <testcase name="validateRemembermeExistTest" time="1.71" classname="com.avlview.app.testcases.LoginPageTest2"/>
  <testcase name="validateApplogoExistTest" time="0.385" classname="com.avlview.app.testcases.LoginPageTest2"/>
  <testcase name="loginclickWithInvaliduser" time="10.935" classname="com.avlview.app.testcases.LoginPageTest2">
    <failure type="java.lang.AssertionError" message="expected [Invalid username/password, please try again!] but found [You have entered an invalid username or password.]">
      <![CDATA[java.lang.AssertionError: expected [Invalid username/password, please try again!] but found [You have entered an invalid username or password.]
at com.avlview.app.testcases.LoginPageTest2.loginclickWithInvaliduser(LoginPageTest2.java:112)
at java.util.concurrent.ThreadPoolExecutor.runWorker(Unknown Source)
at java.util.concurrent.ThreadPoolExecutor$Worker.run(Unknown Source)
at java.lang.Thread.run(Unknown Source)
... Removed 16 stack frames]]>
    </failure>
  </testcase> <!-- loginclickWithInvaliduser -->
  <testcase name="validateLanguageExistTest" time="0.134" classname="com.avlview.app.testcases.LoginPageTest2"/>
  <testcase name="validateLoginPageExistTest" time="0.0" classname="com.avlview.app.testcases.LoginPageTest2">
    <skipped/>
  </testcase> <!-- validateLoginPageExistTest -->
  <testcase name="loginclick" time="46.39" classname="com.avlview.app.testcases.LoginPageTest2"/>
  <testcase name="forgotpasswordclick" time="0.0" classname="com.avlview.app.testcases.LoginPageTest2">
    <ignored/>
  </testcase> <!-- forgotpasswordclick -->
</testsuite> <!-- Test1 -->
